#
# There is insufficient memory for the Java Runtime Environment to continue.
# Native memory allocation (malloc) failed to allocate 32744 bytes for ChunkPool::allocate
# Possible reasons:
#   The system is out of physical RAM or swap space
#   In 32 bit mode, the process size limit was hit
# Possible solutions:
#   Reduce memory load on the system
#   Increase physical memory or swap space
#   Check if swap backing store is full
#   Use 64 bit Java on a 64 bit OS
#   Decrease Java heap size (-Xmx/-Xms)
#   Decrease number of Java threads
#   Decrease Java thread stack sizes (-Xss)
#   Set larger code cache with -XX:ReservedCodeCacheSize=
# This output file may be truncated or incomplete.
#
#  Out of Memory Error (allocation.cpp:273), pid=27572, tid=31304
#
# JRE version: Java(TM) SE Runtime Environment (8.0_20-b26) (build 1.8.0_20-b26)
# Java VM: Java HotSpot(TM) 64-Bit Server VM (25.20-b23 mixed mode windows-amd64 compressed oops)
# Failed to write core dump. Minidumps are not enabled by default on client versions of Windows
#

---------------  T H R E A D  ---------------

Current thread (0x0000000016481000):  JavaThread "C1 CompilerThread2" daemon [_thread_in_native, id=31304, stack(0x0000000016930000,0x0000000016a30000)]

Stack: [0x0000000016930000,0x0000000016a30000]
Native frames: (J=compiled Java code, j=interpreted, Vv=VM code, C=native code)
V  [jvm.dll+0x3152fa]


Current CompileTask:
C1:   2092  354   !   3       com.android.dx.cf.code.BytecodeArray::parseInstruction (2764 bytes)


---------------  P R O C E S S  ---------------

Java Threads: ( => current thread )
  0x00000000166ad800 JavaThread "pool-2-thread-4" [_thread_in_native, id=31520, stack(0x0000000017230000,0x0000000017330000)]
  0x00000000166aa800 JavaThread "pool-2-thread-3" [_thread_blocked, id=19796, stack(0x0000000017130000,0x0000000017230000)]
  0x000000001658c000 JavaThread "pool-2-thread-2" [_thread_blocked, id=28664, stack(0x0000000017030000,0x0000000017130000)]
  0x000000001658b000 JavaThread "pool-3-thread-1" [_thread_blocked, id=23248, stack(0x0000000016d30000,0x0000000016e30000)]
  0x000000001658a800 JavaThread "pool-2-thread-1" [_thread_blocked, id=27736, stack(0x0000000016c30000,0x0000000016d30000)]
  0x0000000016484000 JavaThread "Service Thread" daemon [_thread_blocked, id=17196, stack(0x0000000016a30000,0x0000000016b30000)]
=>0x0000000016481000 JavaThread "C1 CompilerThread2" daemon [_thread_in_native, id=31304, stack(0x0000000016930000,0x0000000016a30000)]
  0x0000000016430800 JavaThread "C2 CompilerThread1" daemon [_thread_blocked, id=29956, stack(0x0000000016830000,0x0000000016930000)]
  0x0000000014ddf800 JavaThread "C2 CompilerThread0" daemon [_thread_blocked, id=27012, stack(0x0000000016330000,0x0000000016430000)]
  0x0000000014e2e800 JavaThread "Attach Listener" daemon [_thread_blocked, id=8376, stack(0x0000000016230000,0x0000000016330000)]
  0x0000000014e2d800 JavaThread "Signal Dispatcher" daemon [_thread_blocked, id=6356, stack(0x0000000016130000,0x0000000016230000)]
  0x00000000026f2000 JavaThread "Finalizer" daemon [_thread_blocked, id=21356, stack(0x0000000016030000,0x0000000016130000)]
  0x00000000026ef000 JavaThread "Reference Handler" daemon [_thread_blocked, id=30004, stack(0x0000000015f30000,0x0000000016030000)]
  0x00000000020ce800 JavaThread "main" [_thread_blocked, id=17324, stack(0x0000000002500000,0x0000000002600000)]

Other Threads:
  0x0000000014d94000 VMThread [stack: 0x0000000015e30000,0x0000000015f30000] [id=2912]
  0x0000000016486000 WatcherThread [stack: 0x0000000016b30000,0x0000000016c30000] [id=28176]

VM state:not at safepoint (normal execution)

VM Mutex/Monitor currently owned by a thread: None

Heap:
 PSYoungGen      total 28160K, used 6711K [0x00000000eab00000, 0x00000000eca00000, 0x0000000100000000)
  eden space 24576K, 27% used [0x00000000eab00000,0x00000000eb18dd98,0x00000000ec300000)
  from space 3584K, 0% used [0x00000000ec300000,0x00000000ec300000,0x00000000ec680000)
  to   space 3584K, 0% used [0x00000000ec680000,0x00000000ec680000,0x00000000eca00000)
 ParOldGen       total 48640K, used 982K [0x00000000c0000000, 0x00000000c2f80000, 0x00000000eab00000)
  object space 48640K, 2% used [0x00000000c0000000,0x00000000c00f5a70,0x00000000c2f80000)
 Metaspace       used 4675K, capacity 5872K, committed 6016K, reserved 1058816K
  class space    used 499K, capacity 552K, committed 640K, reserved 1048576K

Card table byte_map: [0x0000000011ac0000,0x0000000011cd0000] byte_map_base: 0x00000000114c0000

Marking Bits: (ParMarkBitMap*) 0x000000006fcab460
 Begin Bits: [0x0000000012230000, 0x0000000013230000)
 End Bits:   [0x0000000013230000, 0x0000000014230000)

Polling page: 0x0000000002090000

CodeCache: size=245760Kb used=1902Kb max_used=1913Kb free=243857Kb
 bounds [0x0000000002700000, 0x0000000002970000, 0x0000000011700000]
 total_blobs=615 nmethods=356 adapters=173
 compilation: enabled

Compilation events (10 events):
Event: 1.757 Thread 0x0000000016481000 nmethod 349 0x00000000028d8d90 code [0x00000000028d8f60, 0x00000000028d9758]
Event: 1.759 Thread 0x0000000016481000  350   !   3       java.lang.ClassLoader::getPackage (118 bytes)
Event: 1.761 Thread 0x0000000016481000 nmethod 350 0x00000000028d9b10 code [0x00000000028d9d20, 0x00000000028daa58]
Event: 1.863 Thread 0x0000000016481000  351       1       com.android.dx.rop.code.Rop::getBranchingness (5 bytes)
Event: 1.864 Thread 0x0000000016481000 nmethod 351 0x00000000028db210 code [0x00000000028db360, 0x00000000028db470]
Event: 1.864 Thread 0x0000000016481000  352       1       com.android.dx.rop.code.BasicBlock::getLabel (5 bytes)
Event: 1.864 Thread 0x0000000016481000 nmethod 352 0x00000000028db4d0 code [0x00000000028db620, 0x00000000028db730]
Event: 1.864 Thread 0x0000000016481000  353       1       java.util.ArrayList::access$100 (5 bytes)
Event: 1.864 Thread 0x0000000016481000 nmethod 353 0x00000000028db790 code [0x00000000028db8e0, 0x00000000028db9d0]
Event: 1.864 Thread 0x0000000016481000  354   !   3       com.android.dx.cf.code.BytecodeArray::parseInstruction (2764 bytes)

GC Heap History (4 events):
Event: 0.925 GC heap before
{Heap before GC invocations=1 (full 0):
 PSYoungGen      total 28160K, used 2978K [0x00000000eab00000, 0x00000000eca00000, 0x0000000100000000)
  eden space 24576K, 12% used [0x00000000eab00000,0x00000000eade8b60,0x00000000ec300000)
  from space 3584K, 0% used [0x00000000ec680000,0x00000000ec680000,0x00000000eca00000)
  to   space 3584K, 0% used [0x00000000ec300000,0x00000000ec300000,0x00000000ec680000)
 ParOldGen       total 64512K, used 0K [0x00000000c0000000, 0x00000000c3f00000, 0x00000000eab00000)
  object space 64512K, 0% used [0x00000000c0000000,0x00000000c0000000,0x00000000c3f00000)
 Metaspace       used 3446K, capacity 4720K, committed 4864K, reserved 1060864K
  class space    used 374K, capacity 424K, committed 512K, reserved 1048576K
Event: 0.929 GC heap after
Heap after GC invocations=1 (full 0):
 PSYoungGen      total 28160K, used 1062K [0x00000000eab00000, 0x00000000eca00000, 0x0000000100000000)
  eden space 24576K, 0% used [0x00000000eab00000,0x00000000eab00000,0x00000000ec300000)
  from space 3584K, 29% used [0x00000000ec300000,0x00000000ec4099e8,0x00000000ec680000)
  to   space 3584K, 0% used [0x00000000ec680000,0x00000000ec680000,0x00000000eca00000)
 ParOldGen       total 64512K, used 8K [0x00000000c0000000, 0x00000000c3f00000, 0x00000000eab00000)
  object space 64512K, 0% used [0x00000000c0000000,0x00000000c0002000,0x00000000c3f00000)
 Metaspace       used 3446K, capacity 4720K, committed 4864K, reserved 1060864K
  class space    used 374K, capacity 424K, committed 512K, reserved 1048576K
}
Event: 0.929 GC heap before
{Heap before GC invocations=2 (full 1):
 PSYoungGen      total 28160K, used 1062K [0x00000000eab00000, 0x00000000eca00000, 0x0000000100000000)
  eden space 24576K, 0% used [0x00000000eab00000,0x00000000eab00000,0x00000000ec300000)
  from space 3584K, 29% used [0x00000000ec300000,0x00000000ec4099e8,0x00000000ec680000)
  to   space 3584K, 0% used [0x00000000ec680000,0x00000000ec680000,0x00000000eca00000)
 ParOldGen       total 64512K, used 8K [0x00000000c0000000, 0x00000000c3f00000, 0x00000000eab00000)
  object space 64512K, 0% used [0x00000000c0000000,0x00000000c0002000,0x00000000c3f00000)
 Metaspace       used 3446K, capacity 4720K, committed 4864K, reserved 1060864K
  class space    used 374K, capacity 424K, committed 512K, reserved 1048576K
Event: 0.972 GC heap after
Heap after GC invocations=2 (full 1):
 PSYoungGen      total 28160K, used 0K [0x00000000eab00000, 0x00000000eca00000, 0x0000000100000000)
  eden space 24576K, 0% used [0x00000000eab00000,0x00000000eab00000,0x00000000ec300000)
  from space 3584K, 0% used [0x00000000ec300000,0x00000000ec300000,0x00000000ec680000)
  to   space 3584K, 0% used [0x00000000ec680000,0x00000000ec680000,0x00000000eca00000)
 ParOldGen       total 48640K, used 982K [0x00000000c0000000, 0x00000000c2f80000, 0x00000000eab00000)
  object space 48640K, 2% used [0x00000000c0000000,0x00000000c00f5a70,0x00000000c2f80000)
 Metaspace       used 3446K, capacity 4720K, committed 4864K, reserved 1058816K
  class space    used 374K, capacity 424K, committed 512K, reserved 1048576K
}

Deoptimization events (0 events):
No events

Internal exceptions (10 events):
Event: 1.759 Thread 0x00000000020ce800 Exception <a 'java/security/PrivilegedActionException'> (0x00000000eaea6210) thrown at [D:\re\workspace\8-2-build-windows-amd64-cygwin\jdk8u20\1074\hotspot\src\share\vm\prims\jvm.cpp, line 1275]
Event: 1.785 Thread 0x00000000020ce800 Exception <a 'java/security/PrivilegedActionException'> (0x00000000eaebd9b8) thrown at [D:\re\workspace\8-2-build-windows-amd64-cygwin\jdk8u20\1074\hotspot\src\share\vm\prims\jvm.cpp, line 1275]
Event: 1.812 Thread 0x00000000020ce800 Exception <a 'java/security/PrivilegedActionException'> (0x00000000eaec3a40) thrown at [D:\re\workspace\8-2-build-windows-amd64-cygwin\jdk8u20\1074\hotspot\src\share\vm\prims\jvm.cpp, line 1275]
Event: 1.816 Thread 0x00000000020ce800 Exception <a 'java/security/PrivilegedActionException'> (0x00000000eaecc518) thrown at [D:\re\workspace\8-2-build-windows-amd64-cygwin\jdk8u20\1074\hotspot\src\share\vm\prims\jvm.cpp, line 1275]
Event: 1.817 Thread 0x00000000020ce800 Exception <a 'java/security/PrivilegedActionException'> (0x00000000eaed25b0) thrown at [D:\re\workspace\8-2-build-windows-amd64-cygwin\jdk8u20\1074\hotspot\src\share\vm\prims\jvm.cpp, line 1275]
Event: 1.861 Thread 0x00000000020ce800 Exception <a 'java/security/PrivilegedActionException'> (0x00000000eb091038) thrown at [D:\re\workspace\8-2-build-windows-amd64-cygwin\jdk8u20\1074\hotspot\src\share\vm\prims\jvm.cpp, line 1275]
Event: 1.866 Thread 0x00000000020ce800 Exception <a 'java/security/PrivilegedActionException'> (0x00000000eb09b160) thrown at [D:\re\workspace\8-2-build-windows-amd64-cygwin\jdk8u20\1074\hotspot\src\share\vm\prims\jvm.cpp, line 1275]
Event: 1.866 Thread 0x00000000020ce800 Exception <a 'java/security/PrivilegedActionException'> (0x00000000eb0a09a8) thrown at [D:\re\workspace\8-2-build-windows-amd64-cygwin\jdk8u20\1074\hotspot\src\share\vm\prims\jvm.cpp, line 1275]
Event: 1.867 Thread 0x00000000020ce800 Exception <a 'java/security/PrivilegedActionException'> (0x00000000eb0a3058) thrown at [D:\re\workspace\8-2-build-windows-amd64-cygwin\jdk8u20\1074\hotspot\src\share\vm\prims\jvm.cpp, line 1275]
Event: 1.868 Thread 0x00000000020ce800 Exception <a 'java/security/PrivilegedActionException'> (0x00000000eb0a7b18) thrown at [D:\re\workspace\8-2-build-windows-amd64-cygwin\jdk8u20\1074\hotspot\src\share\vm\prims\jvm.cpp, line 1275]

Events (10 events):
Event: 1.861 loading class com/android/dx/cf/code/Merger
Event: 1.861 loading class com/android/dx/cf/code/Merger done
Event: 1.865 loading class com/android/dx/rop/code/BasicBlockList
Event: 1.865 loading class com/android/dx/rop/code/BasicBlockList done
Event: 1.866 loading class com/android/dx/rop/code/Insn$Visitor
Event: 1.866 loading class com/android/dx/rop/code/Insn$Visitor done
Event: 1.867 loading class com/android/dx/rop/code/RopMethod
Event: 1.867 loading class com/android/dx/rop/code/RopMethod done
Event: 1.868 loading class com/android/dx/ssa/Optimizer
Event: 1.868 loading class com/android/dx/ssa/Optimizer done


Dynamic libraries:
0x00007ff7a9910000 - 0x00007ff7a9944000 	D:\java\jdk1.8.0_20\bin\java.exe
0x00007ffe23150000 - 0x00007ffe23311000 	C:\WINDOWS\SYSTEM32\ntdll.dll
0x00007ffe21790000 - 0x00007ffe2183d000 	C:\WINDOWS\system32\KERNEL32.DLL
0x00007ffe20220000 - 0x00007ffe20408000 	C:\WINDOWS\system32\KERNELBASE.dll
0x00007ffe20700000 - 0x00007ffe207a7000 	C:\WINDOWS\system32\ADVAPI32.dll
0x00007ffe21910000 - 0x00007ffe219ad000 	C:\WINDOWS\system32\msvcrt.dll
0x00007ffe21530000 - 0x00007ffe2158b000 	C:\WINDOWS\system32\sechost.dll
0x00007ffe20d50000 - 0x00007ffe20e6c000 	C:\WINDOWS\system32\RPCRT4.dll
0x00007ffe20530000 - 0x00007ffe20686000 	C:\WINDOWS\system32\USER32.dll
0x00007ffe215f0000 - 0x00007ffe21776000 	C:\WINDOWS\system32\GDI32.dll
0x00007ffe1a590000 - 0x00007ffe1a804000 	C:\WINDOWS\WinSxS\amd64_microsoft.windows.common-controls_6595b64144ccf1df_6.0.10586.839_none_a2ddba30a539a2ae\COMCTL32.dll
0x00007ffe20fc0000 - 0x00007ffe2123e000 	C:\WINDOWS\system32\combase.dll
0x00007ffe20070000 - 0x00007ffe200da000 	C:\WINDOWS\system32\bcryptPrimitives.dll
0x00007ffe20c60000 - 0x00007ffe20c9b000 	C:\WINDOWS\system32\IMM32.DLL
0x00007ffe1f640000 - 0x00007ffe1f671000 	C:\Windows\system32\nvinitx.dll
0x00007ffe1f630000 - 0x00007ffe1f63a000 	C:\WINDOWS\SYSTEM32\VERSION.dll
0x000000006fd30000 - 0x000000006fe02000 	D:\java\jdk1.8.0_20\jre\bin\msvcr100.dll
0x000000006f4d0000 - 0x000000006fd28000 	D:\java\jdk1.8.0_20\jre\bin\server\jvm.dll
0x00007ffe219b0000 - 0x00007ffe219b8000 	C:\WINDOWS\system32\PSAPI.DLL
0x00007ffe135c0000 - 0x00007ffe135c9000 	C:\WINDOWS\SYSTEM32\WSOCK32.dll
0x00007ffe20690000 - 0x00007ffe206fb000 	C:\WINDOWS\system32\WS2_32.dll
0x00007ffe1dcf0000 - 0x00007ffe1dd13000 	C:\WINDOWS\SYSTEM32\WINMM.dll
0x00007ffe1dc90000 - 0x00007ffe1dcbc000 	C:\WINDOWS\SYSTEM32\WINMMBASE.dll
0x00007ffe1fe50000 - 0x00007ffe1fe93000 	C:\WINDOWS\system32\cfgmgr32.dll
0x000000006f4c0000 - 0x000000006f4cf000 	D:\java\jdk1.8.0_20\jre\bin\verify.dll
0x000000006f490000 - 0x000000006f4b8000 	D:\java\jdk1.8.0_20\jre\bin\java.dll
0x000000006f470000 - 0x000000006f486000 	D:\java\jdk1.8.0_20\jre\bin\zip.dll
0x00007ffe21bd0000 - 0x00007ffe2312c000 	C:\WINDOWS\system32\SHELL32.dll
0x00007ffe1f800000 - 0x00007ffe1fe44000 	C:\WINDOWS\system32\windows.storage.dll
0x00007ffe219c0000 - 0x00007ffe21a12000 	C:\WINDOWS\system32\shlwapi.dll
0x00007ffe1f770000 - 0x00007ffe1f77f000 	C:\WINDOWS\system32\kernel.appcore.dll
0x00007ffe20470000 - 0x00007ffe20525000 	C:\WINDOWS\system32\shcore.dll
0x00007ffe1f790000 - 0x00007ffe1f7db000 	C:\WINDOWS\system32\powrprof.dll
0x00007ffe1f750000 - 0x00007ffe1f764000 	C:\WINDOWS\system32\profapi.dll

VM Arguments:
jvm_args: -Djava.awt.headless=true -Xmx1024M -Dfile.encoding=GBK -Duser.country=CN -Duser.language=zh -Duser.variant 
java_command: com.android.dx.command.Main --dex --force-jumbo --num-threads=4 --multi-dex --output E:\EHELP\TicketSystem\app\build\intermediates\transforms\dex\debug\folders\1000\5\slice_0 E:\EHELP\TicketSystem\app\build\intermediates\transforms\instantRunSlicer\debug\folders\1\5\slice_0
java_class_path (initial): D:\andriodStduio\sdk\build-tools\25.0.0\lib\dx.jar
Launcher Type: SUN_STANDARD

Environment Variables:
JAVA_HOME=D:\java\jdk1.8.0_20
CLASSPATH=.;D:\java\jdk1.8.0_20\lib\dt.jar;D:\java\jdk1.8.0_20\lib\tools.jar;D:\apache-tomcat-7.0.65-windows-x64\apache-tomcat-7.0.65\lib\servlet-api.jar;D:\apache-tomcat-7.0.65-windows-x64\apache-tomcat-7.0.65\lib\jsp-api.jar;D:\eclipse_javaEE\lib\Aspectj\install\lib\aspectjrt.jar
PATH=C:\ProgramData\Oracle\Java\javapath;D:\java\jdk1.8.0_20\bin;D:\java\jdk1.8.0_20\jre\binC:\WINDOWS\system32;C:\WINDOWS;C:\WINDOWS\System32\Wbem;C:\WINDOWS\System32\WindowsPowerShell\v1.0\;C:\Program Files\Microsoft SQL Server\110\Tools\Binn\;C:\Program Files (x86)\Microsoft SDKs\TypeScript\1.0\;D:\MATLAB\bin\win32;C:\Windows\System32;C:\Program Files\Intel\WiFi\bin\;C:\Program Files\Common Files\Intel\WirelessCommon\;D:\java\jdk1.8.0_20\bin;D:\;amp\wamp\bin\mysql\mysql5.5.20\bin;D:\python2.7.10\install;D:\wamp\wamp\bin\mysql\mysql5.5.20\bin;D:\python2.7.10\install\Scripts;C:\mongodb\bin;D:\nodejs\nvmw;D:\svn\bin;D:\scala\install\bin;D:\sbt\install\\bin;D:\sbt\install\bin;D:\git\Git\bin;D:\ant\apache-ant-1.9.6/bin;D:\curl;D:\wamp\wamp\bin\php\php5.3.10;D:\wamp\wamp\bin\php\php5.5.12;C:\ProgramData\ComposerSetup\bin;C:\Users\Administrator\AppData\Roaming\Composer\Vendor\bin;D:\OCR\install\Tesseract-OCR;C:\WINDOWS\system32;C:\Program Files (x86)\Windows Kits\10\Windows Performance Toolkit\;D:\makeForWin\GnuWin32\bin;D:\eclipse_javaEE\lib\Aspectj\install\bin;D:\maven\apache-maven-3.3.9\bin;D:\php\php-5.6.21-Win32-VC11-x64;D:\php\php-5.6.21-Win32-VC11-x64\ext;D:\mysql\mysql-5.6.24-winx64\bin;D:\andriodStduio\sdk\tools;D:\andriodStduio\sdk\platform-tools;D:\nmap\nmap-7.31;D:\nodejs\nvmw\v6.2.0\;D:\quicktime\QTSystem\;"C:\Program Files (x86)\CMake\bin";D:\cocos2d-x\templates;D:\cocos2d-x\tools\cocos2d-console\bin;C:\Program Files\Intel\WiFi\bin\;C:\Program Files\Common Files\Intel\WirelessCommon\;D:\vscode\install\Microsoft VS Code\bin;C:\Users\Administrator\AppData\Roaming\npm;C:\Users\Administrator\AppData\Local\Yarn\.bin
USERNAME=Administrator
OS=Windows_NT
PROCESSOR_IDENTIFIER=Intel64 Family 6 Model 58 Stepping 9, GenuineIntel



---------------  S Y S T E M  ---------------

OS: Windows 8.1 , 64 bit Build 9600 

CPU:total 4 (2 cores per cpu, 2 threads per core) family 6 model 58 stepping 9, cmov, cx8, fxsr, mmx, sse, sse2, sse3, ssse3, sse4.1, sse4.2, popcnt, avx, aes, clmul, erms, ht, tsc, tscinvbit, tscinv

Memory: 4k page, physical 6148232k(706748k free), swap 8230936k(36k free)

vm_info: Java HotSpot(TM) 64-Bit Server VM (25.20-b23) for windows-amd64 JRE (1.8.0_20-b26), built on Jul 30 2014 13:51:23 by "java_re" with MS VC++ 10.0 (VS2010)

time: Sat Jun 03 02:27:04 2017
elapsed time: 2 seconds (0d 0h 0m 2s)

