#
# There is insufficient memory for the Java Runtime Environment to continue.
# Native memory allocation (malloc) failed to allocate 32744 bytes for ChunkPool::allocate
# Possible reasons:
#   The system is out of physical RAM or swap space
#   In 32 bit mode, the process size limit was hit
# Possible solutions:
#   Reduce memory load on the system
#   Increase physical memory or swap space
#   Check if swap backing store is full
#   Use 64 bit Java on a 64 bit OS
#   Decrease Java heap size (-Xmx/-Xms)
#   Decrease number of Java threads
#   Decrease Java thread stack sizes (-Xss)
#   Set larger code cache with -XX:ReservedCodeCacheSize=
# This output file may be truncated or incomplete.
#
#  Out of Memory Error (allocation.cpp:273), pid=16832, tid=22608
#
# JRE version: Java(TM) SE Runtime Environment (8.0_20-b26) (build 1.8.0_20-b26)
# Java VM: Java HotSpot(TM) 64-Bit Server VM (25.20-b23 mixed mode windows-amd64 compressed oops)
# Failed to write core dump. Minidumps are not enabled by default on client versions of Windows
#

---------------  T H R E A D  ---------------

Current thread (0x0000000017341000):  JavaThread "C1 CompilerThread2" daemon [_thread_in_native, id=22608, stack(0x00000000177f0000,0x00000000178f0000)]

Stack: [0x00000000177f0000,0x00000000178f0000]
Native frames: (J=compiled Java code, j=interpreted, Vv=VM code, C=native code)
V  [jvm.dll+0x3152fa]


Current CompileTask:
C1:   2034  332   !   3       com.android.dx.cf.code.BytecodeArray::parseInstruction (2764 bytes)


---------------  P R O C E S S  ---------------

Java Threads: ( => current thread )
  0x0000000017560800 JavaThread "pool-2-thread-4" [_thread_blocked, id=30956, stack(0x00000000180f0000,0x00000000181f0000)]
  0x000000001755f800 JavaThread "pool-2-thread-3" [_thread_blocked, id=28008, stack(0x0000000017ff0000,0x00000000180f0000)]
  0x000000001755f000 JavaThread "pool-2-thread-2" [_thread_blocked, id=31144, stack(0x0000000017ef0000,0x0000000017ff0000)]
  0x000000001744d800 JavaThread "pool-3-thread-1" [_thread_blocked, id=28456, stack(0x0000000017df0000,0x0000000017ef0000)]
  0x000000001743e000 JavaThread "pool-2-thread-1" [_thread_blocked, id=26712, stack(0x0000000017cf0000,0x0000000017df0000)]
  0x000000001734a800 JavaThread "Service Thread" daemon [_thread_blocked, id=30312, stack(0x00000000178f0000,0x00000000179f0000)]
=>0x0000000017341000 JavaThread "C1 CompilerThread2" daemon [_thread_in_native, id=22608, stack(0x00000000177f0000,0x00000000178f0000)]
  0x0000000017336800 JavaThread "C2 CompilerThread1" daemon [_thread_blocked, id=14868, stack(0x00000000176f0000,0x00000000177f0000)]
  0x0000000015c9e000 JavaThread "C2 CompilerThread0" daemon [_thread_blocked, id=25880, stack(0x00000000171f0000,0x00000000172f0000)]
  0x0000000015ced800 JavaThread "Attach Listener" daemon [_thread_blocked, id=19552, stack(0x00000000170f0000,0x00000000171f0000)]
  0x0000000015cec800 JavaThread "Signal Dispatcher" daemon [_thread_blocked, id=6320, stack(0x0000000016ff0000,0x00000000170f0000)]
  0x00000000035b0800 JavaThread "Finalizer" daemon [_thread_blocked, id=27552, stack(0x0000000016ef0000,0x0000000016ff0000)]
  0x00000000035ad000 JavaThread "Reference Handler" daemon [_thread_blocked, id=25892, stack(0x0000000016df0000,0x0000000016ef0000)]
  0x000000000186e800 JavaThread "main" [_thread_in_native, id=18660, stack(0x0000000002fd0000,0x00000000030d0000)]

Other Threads:
  0x0000000015c55000 VMThread [stack: 0x0000000016cf0000,0x0000000016df0000] [id=27828]
  0x000000001734e800 WatcherThread [stack: 0x00000000179f0000,0x0000000017af0000] [id=23284]

VM state:not at safepoint (normal execution)

VM Mutex/Monitor currently owned by a thread: None

Heap:
 PSYoungGen      total 28160K, used 8891K [0x00000000eab00000, 0x00000000eca00000, 0x0000000100000000)
  eden space 24576K, 36% used [0x00000000eab00000,0x00000000eb3aef30,0x00000000ec300000)
  from space 3584K, 0% used [0x00000000ec680000,0x00000000ec680000,0x00000000eca00000)
  to   space 3584K, 0% used [0x00000000ec300000,0x00000000ec300000,0x00000000ec680000)
 ParOldGen       total 64512K, used 0K [0x00000000c0000000, 0x00000000c3f00000, 0x00000000eab00000)
  object space 64512K, 0% used [0x00000000c0000000,0x00000000c0000000,0x00000000c3f00000)
 Metaspace       used 4675K, capacity 5872K, committed 6016K, reserved 1058816K
  class space    used 501K, capacity 552K, committed 640K, reserved 1048576K

Card table byte_map: [0x0000000012980000,0x0000000012b90000] byte_map_base: 0x0000000012380000

Marking Bits: (ParMarkBitMap*) 0x000000006fcab460
 Begin Bits: [0x00000000130f0000, 0x00000000140f0000)
 End Bits:   [0x00000000140f0000, 0x00000000150f0000)

Polling page: 0x00000000017a0000

CodeCache: size=245760Kb used=1877Kb max_used=1889Kb free=243882Kb
 bounds [0x00000000035c0000, 0x0000000003830000, 0x00000000125c0000]
 total_blobs=593 nmethods=333 adapters=174
 compilation: enabled

Compilation events (10 events):
Event: 1.697 Thread 0x0000000017341000 nmethod 327 0x0000000003793650 code [0x0000000003793860, 0x0000000003794318]
Event: 1.697 Thread 0x0000000017341000  328       3       java.util.ArrayList::elementData (7 bytes)
Event: 1.697 Thread 0x0000000017341000 nmethod 328 0x0000000003794890 code [0x00000000037949e0, 0x0000000003794b50]
Event: 1.697 Thread 0x0000000017341000  329       1       com.android.dx.rop.code.BasicBlock::getLabel (5 bytes)
Event: 1.697 Thread 0x0000000017341000 nmethod 329 0x0000000003794c50 code [0x0000000003794da0, 0x0000000003794eb0]
Event: 1.697 Thread 0x0000000017341000  330       1       java.util.ArrayList::access$100 (5 bytes)
Event: 1.697 Thread 0x0000000017341000 nmethod 330 0x0000000003794f10 code [0x0000000003795060, 0x0000000003795150]
Event: 1.697 Thread 0x0000000017341000  331       3       com.android.dx.rop.type.Type::hashCode (8 bytes)
Event: 1.697 Thread 0x0000000017341000 nmethod 331 0x00000000037951d0 code [0x0000000003795340, 0x0000000003795548]
Event: 1.697 Thread 0x0000000017341000  332   !   3       com.android.dx.cf.code.BytecodeArray::parseInstruction (2764 bytes)

GC Heap History (0 events):
No events

Deoptimization events (0 events):
No events

Internal exceptions (10 events):
Event: 1.609 Thread 0x0000000017560800 Exception <a 'java/security/PrivilegedActionException'> (0x00000000eb2c8c80) thrown at [D:\re\workspace\8-2-build-windows-amd64-cygwin\jdk8u20\1074\hotspot\src\share\vm\prims\jvm.cpp, line 1275]
Event: 1.633 Thread 0x0000000017560800 Exception <a 'java/security/PrivilegedActionException'> (0x00000000eb2e0108) thrown at [D:\re\workspace\8-2-build-windows-amd64-cygwin\jdk8u20\1074\hotspot\src\share\vm\prims\jvm.cpp, line 1275]
Event: 1.671 Thread 0x0000000017560800 Exception <a 'java/security/PrivilegedActionException'> (0x00000000eb2e5e70) thrown at [D:\re\workspace\8-2-build-windows-amd64-cygwin\jdk8u20\1074\hotspot\src\share\vm\prims\jvm.cpp, line 1275]
Event: 1.673 Thread 0x000000001743e000 Exception <a 'java/security/PrivilegedActionException'> (0x00000000eb113e10) thrown at [D:\re\workspace\8-2-build-windows-amd64-cygwin\jdk8u20\1074\hotspot\src\share\vm\prims\jvm.cpp, line 1275]
Event: 1.675 Thread 0x000000000186e800 Exception <a 'java/security/PrivilegedActionException'> (0x00000000eb1bdeb0) thrown at [D:\re\workspace\8-2-build-windows-amd64-cygwin\jdk8u20\1074\hotspot\src\share\vm\prims\jvm.cpp, line 1275]
Event: 1.692 Thread 0x000000001755f800 Exception <a 'java/security/PrivilegedActionException'> (0x00000000eb2410d8) thrown at [D:\re\workspace\8-2-build-windows-amd64-cygwin\jdk8u20\1074\hotspot\src\share\vm\prims\jvm.cpp, line 1275]
Event: 1.710 Thread 0x000000001755f800 Exception <a 'java/security/PrivilegedActionException'> (0x00000000eb24b0f0) thrown at [D:\re\workspace\8-2-build-windows-amd64-cygwin\jdk8u20\1074\hotspot\src\share\vm\prims\jvm.cpp, line 1275]
Event: 1.718 Thread 0x000000001755f800 Exception <a 'java/security/PrivilegedActionException'> (0x00000000eb250618) thrown at [D:\re\workspace\8-2-build-windows-amd64-cygwin\jdk8u20\1074\hotspot\src\share\vm\prims\jvm.cpp, line 1275]
Event: 1.719 Thread 0x000000001755f800 Exception <a 'java/security/PrivilegedActionException'> (0x00000000eb2529a8) thrown at [D:\re\workspace\8-2-build-windows-amd64-cygwin\jdk8u20\1074\hotspot\src\share\vm\prims\jvm.cpp, line 1275]
Event: 1.720 Thread 0x000000001755f800 Exception <a 'java/security/PrivilegedActionException'> (0x00000000eb257240) thrown at [D:\re\workspace\8-2-build-windows-amd64-cygwin\jdk8u20\1074\hotspot\src\share\vm\prims\jvm.cpp, line 1275]

Events (10 events):
Event: 1.692 loading class com/android/dx/cf/code/Merger
Event: 1.692 loading class com/android/dx/cf/code/Merger done
Event: 1.710 loading class com/android/dx/rop/code/BasicBlockList
Event: 1.710 loading class com/android/dx/rop/code/BasicBlockList done
Event: 1.718 loading class com/android/dx/rop/code/Insn$Visitor
Event: 1.718 loading class com/android/dx/rop/code/Insn$Visitor done
Event: 1.719 loading class com/android/dx/rop/code/RopMethod
Event: 1.719 loading class com/android/dx/rop/code/RopMethod done
Event: 1.720 loading class com/android/dx/ssa/Optimizer
Event: 1.720 loading class com/android/dx/ssa/Optimizer done


Dynamic libraries:
0x00007ff7a9910000 - 0x00007ff7a9944000 	D:\java\jdk1.8.0_20\bin\java.exe
0x00007ffe23150000 - 0x00007ffe23311000 	C:\WINDOWS\SYSTEM32\ntdll.dll
0x00007ffe21790000 - 0x00007ffe2183d000 	C:\WINDOWS\system32\KERNEL32.DLL
0x00007ffe20220000 - 0x00007ffe20408000 	C:\WINDOWS\system32\KERNELBASE.dll
0x00007ffe20700000 - 0x00007ffe207a7000 	C:\WINDOWS\system32\ADVAPI32.dll
0x00007ffe21910000 - 0x00007ffe219ad000 	C:\WINDOWS\system32\msvcrt.dll
0x00007ffe21530000 - 0x00007ffe2158b000 	C:\WINDOWS\system32\sechost.dll
0x00007ffe20d50000 - 0x00007ffe20e6c000 	C:\WINDOWS\system32\RPCRT4.dll
0x00007ffe20530000 - 0x00007ffe20686000 	C:\WINDOWS\system32\USER32.dll
0x00007ffe215f0000 - 0x00007ffe21776000 	C:\WINDOWS\system32\GDI32.dll
0x00007ffe1a590000 - 0x00007ffe1a804000 	C:\WINDOWS\WinSxS\amd64_microsoft.windows.common-controls_6595b64144ccf1df_6.0.10586.839_none_a2ddba30a539a2ae\COMCTL32.dll
0x00007ffe20fc0000 - 0x00007ffe2123e000 	C:\WINDOWS\system32\combase.dll
0x00007ffe20070000 - 0x00007ffe200da000 	C:\WINDOWS\system32\bcryptPrimitives.dll
0x00007ffe20c60000 - 0x00007ffe20c9b000 	C:\WINDOWS\system32\IMM32.DLL
0x00007ffe1f640000 - 0x00007ffe1f671000 	C:\Windows\system32\nvinitx.dll
0x00007ffe1f630000 - 0x00007ffe1f63a000 	C:\WINDOWS\SYSTEM32\VERSION.dll
0x000000006fd30000 - 0x000000006fe02000 	D:\java\jdk1.8.0_20\jre\bin\msvcr100.dll
0x000000006f4d0000 - 0x000000006fd28000 	D:\java\jdk1.8.0_20\jre\bin\server\jvm.dll
0x00007ffe219b0000 - 0x00007ffe219b8000 	C:\WINDOWS\system32\PSAPI.DLL
0x00007ffe135c0000 - 0x00007ffe135c9000 	C:\WINDOWS\SYSTEM32\WSOCK32.dll
0x00007ffe20690000 - 0x00007ffe206fb000 	C:\WINDOWS\system32\WS2_32.dll
0x00007ffe1dcf0000 - 0x00007ffe1dd13000 	C:\WINDOWS\SYSTEM32\WINMM.dll
0x00007ffe1dc90000 - 0x00007ffe1dcbc000 	C:\WINDOWS\SYSTEM32\WINMMBASE.dll
0x00007ffe1fe50000 - 0x00007ffe1fe93000 	C:\WINDOWS\system32\cfgmgr32.dll
0x000000006f4c0000 - 0x000000006f4cf000 	D:\java\jdk1.8.0_20\jre\bin\verify.dll
0x000000006f490000 - 0x000000006f4b8000 	D:\java\jdk1.8.0_20\jre\bin\java.dll
0x000000006f470000 - 0x000000006f486000 	D:\java\jdk1.8.0_20\jre\bin\zip.dll
0x00007ffe21bd0000 - 0x00007ffe2312c000 	C:\WINDOWS\system32\SHELL32.dll
0x00007ffe1f800000 - 0x00007ffe1fe44000 	C:\WINDOWS\system32\windows.storage.dll
0x00007ffe219c0000 - 0x00007ffe21a12000 	C:\WINDOWS\system32\shlwapi.dll
0x00007ffe1f770000 - 0x00007ffe1f77f000 	C:\WINDOWS\system32\kernel.appcore.dll
0x00007ffe20470000 - 0x00007ffe20525000 	C:\WINDOWS\system32\shcore.dll
0x00007ffe1f790000 - 0x00007ffe1f7db000 	C:\WINDOWS\system32\powrprof.dll
0x00007ffe1f750000 - 0x00007ffe1f764000 	C:\WINDOWS\system32\profapi.dll
0x00007ffe129f0000 - 0x00007ffe12b7c000 	C:\WINDOWS\SYSTEM32\dbghelp.dll

VM Arguments:
jvm_args: -Djava.awt.headless=true -Xmx1024M -Dfile.encoding=GBK -Duser.country=CN -Duser.language=zh -Duser.variant 
java_command: com.android.dx.command.Main --dex --force-jumbo --num-threads=4 --multi-dex --output E:\EHELP\TicketSystem\app\build\intermediates\transforms\dex\debug\folders\1000\5\slice_5 E:\EHELP\TicketSystem\app\build\intermediates\transforms\instantRunSlicer\debug\folders\1\5\slice_5
java_class_path (initial): D:\andriodStduio\sdk\build-tools\25.0.0\lib\dx.jar
Launcher Type: SUN_STANDARD

Environment Variables:
JAVA_HOME=D:\java\jdk1.8.0_20
CLASSPATH=.;D:\java\jdk1.8.0_20\lib\dt.jar;D:\java\jdk1.8.0_20\lib\tools.jar;D:\apache-tomcat-7.0.65-windows-x64\apache-tomcat-7.0.65\lib\servlet-api.jar;D:\apache-tomcat-7.0.65-windows-x64\apache-tomcat-7.0.65\lib\jsp-api.jar;D:\eclipse_javaEE\lib\Aspectj\install\lib\aspectjrt.jar
PATH=C:\ProgramData\Oracle\Java\javapath;D:\java\jdk1.8.0_20\bin;D:\java\jdk1.8.0_20\jre\binC:\WINDOWS\system32;C:\WINDOWS;C:\WINDOWS\System32\Wbem;C:\WINDOWS\System32\WindowsPowerShell\v1.0\;C:\Program Files\Microsoft SQL Server\110\Tools\Binn\;C:\Program Files (x86)\Microsoft SDKs\TypeScript\1.0\;D:\MATLAB\bin\win32;C:\Windows\System32;C:\Program Files\Intel\WiFi\bin\;C:\Program Files\Common Files\Intel\WirelessCommon\;D:\java\jdk1.8.0_20\bin;D:\;amp\wamp\bin\mysql\mysql5.5.20\bin;D:\python2.7.10\install;D:\wamp\wamp\bin\mysql\mysql5.5.20\bin;D:\python2.7.10\install\Scripts;C:\mongodb\bin;D:\nodejs\nvmw;D:\svn\bin;D:\scala\install\bin;D:\sbt\install\\bin;D:\sbt\install\bin;D:\git\Git\bin;D:\ant\apache-ant-1.9.6/bin;D:\curl;D:\wamp\wamp\bin\php\php5.3.10;D:\wamp\wamp\bin\php\php5.5.12;C:\ProgramData\ComposerSetup\bin;C:\Users\Administrator\AppData\Roaming\Composer\Vendor\bin;D:\OCR\install\Tesseract-OCR;C:\WINDOWS\system32;C:\Program Files (x86)\Windows Kits\10\Windows Performance Toolkit\;D:\makeForWin\GnuWin32\bin;D:\eclipse_javaEE\lib\Aspectj\install\bin;D:\maven\apache-maven-3.3.9\bin;D:\php\php-5.6.21-Win32-VC11-x64;D:\php\php-5.6.21-Win32-VC11-x64\ext;D:\mysql\mysql-5.6.24-winx64\bin;D:\andriodStduio\sdk\tools;D:\andriodStduio\sdk\platform-tools;D:\nmap\nmap-7.31;D:\nodejs\nvmw\v6.2.0\;D:\quicktime\QTSystem\;"C:\Program Files (x86)\CMake\bin";D:\cocos2d-x\templates;D:\cocos2d-x\tools\cocos2d-console\bin;C:\Program Files\Intel\WiFi\bin\;C:\Program Files\Common Files\Intel\WirelessCommon\;D:\vscode\install\Microsoft VS Code\bin;C:\Users\Administrator\AppData\Roaming\npm;C:\Users\Administrator\AppData\Local\Yarn\.bin
USERNAME=Administrator
OS=Windows_NT
PROCESSOR_IDENTIFIER=Intel64 Family 6 Model 58 Stepping 9, GenuineIntel



---------------  S Y S T E M  ---------------

OS: Windows 8.1 , 64 bit Build 9600 

CPU:total 4 (2 cores per cpu, 2 threads per core) family 6 model 58 stepping 9, cmov, cx8, fxsr, mmx, sse, sse2, sse3, ssse3, sse4.1, sse4.2, popcnt, avx, aes, clmul, erms, ht, tsc, tscinvbit, tscinv

Memory: 4k page, physical 6148232k(706748k free), swap 8230936k(36k free)

vm_info: Java HotSpot(TM) 64-Bit Server VM (25.20-b23) for windows-amd64 JRE (1.8.0_20-b26), built on Jul 30 2014 13:51:23 by "java_re" with MS VC++ 10.0 (VS2010)

time: Sat Jun 03 02:27:04 2017
elapsed time: 2 seconds (0d 0h 0m 2s)

