#
# There is insufficient memory for the Java Runtime Environment to continue.
# Native memory allocation (malloc) failed to allocate 163616 bytes for Chunk::new
# Possible reasons:
#   The system is out of physical RAM or swap space
#   In 32 bit mode, the process size limit was hit
# Possible solutions:
#   Reduce memory load on the system
#   Increase physical memory or swap space
#   Check if swap backing store is full
#   Use 64 bit Java on a 64 bit OS
#   Decrease Java heap size (-Xmx/-Xms)
#   Decrease number of Java threads
#   Decrease Java thread stack sizes (-Xss)
#   Set larger code cache with -XX:ReservedCodeCacheSize=
# This output file may be truncated or incomplete.
#
#  Out of Memory Error (allocation.cpp:390), pid=28864, tid=27748
#
# JRE version: Java(TM) SE Runtime Environment (8.0_20-b26) (build 1.8.0_20-b26)
# Java VM: Java HotSpot(TM) 64-Bit Server VM (25.20-b23 mixed mode windows-amd64 compressed oops)
# Failed to write core dump. Minidumps are not enabled by default on client versions of Windows
#

---------------  T H R E A D  ---------------

Current thread (0x0000000015810000):  JavaThread "C2 CompilerThread1" daemon [_thread_in_native, id=27748, stack(0x0000000017280000,0x0000000017380000)]

Stack: [0x0000000017280000,0x0000000017380000]
Native frames: (J=compiled Java code, j=interpreted, Vv=VM code, C=native code)
V  [jvm.dll+0x3152fa]
V  [jvm.dll+0x265d03]
V  [jvm.dll+0x266943]
V  [jvm.dll+0x25e265]
V  [jvm.dll+0xbe255]
V  [jvm.dll+0xbe6fc]
V  [jvm.dll+0x49d728]
V  [jvm.dll+0x451045]
V  [jvm.dll+0x452634]
V  [jvm.dll+0x435fc2]
V  [jvm.dll+0x97b62]
V  [jvm.dll+0x98353]
V  [jvm.dll+0x22aac4]
V  [jvm.dll+0x283f5a]
C  [msvcr100.dll+0x21d9f]
C  [msvcr100.dll+0x21e3b]
C  [KERNEL32.DLL+0x18102]
C  [ntdll.dll+0x5c5b4]


Current CompileTask:
C2:   2919 1233       4       com.android.dx.rop.code.Rops::ropFor (771 bytes)


---------------  P R O C E S S  ---------------

Java Threads: ( => current thread )
  0x0000000017147800 JavaThread "pool-2-thread-3" [_thread_in_vm, id=19320, stack(0x0000000017980000,0x0000000017a80000)]
  0x0000000016fdc000 JavaThread "pool-3-thread-1" [_thread_blocked, id=23756, stack(0x0000000017780000,0x0000000017880000)]
  0x0000000016eda800 JavaThread "Service Thread" daemon [_thread_blocked, id=5132, stack(0x0000000017480000,0x0000000017580000)]
  0x0000000016e83000 JavaThread "C1 CompilerThread2" daemon [_thread_in_native, id=30944, stack(0x0000000017380000,0x0000000017480000)]
=>0x0000000015810000 JavaThread "C2 CompilerThread1" daemon [_thread_in_native, id=27748, stack(0x0000000017280000,0x0000000017380000)]
  0x000000001580e000 JavaThread "C2 CompilerThread0" daemon [_thread_in_native, id=804, stack(0x0000000016d80000,0x0000000016e80000)]
  0x000000001585d800 JavaThread "Attach Listener" daemon [_thread_blocked, id=30148, stack(0x0000000016c80000,0x0000000016d80000)]
  0x000000001585c800 JavaThread "Signal Dispatcher" daemon [_thread_blocked, id=6296, stack(0x0000000016b80000,0x0000000016c80000)]
  0x0000000003120800 JavaThread "Finalizer" daemon [_thread_blocked, id=24652, stack(0x0000000016a80000,0x0000000016b80000)]
  0x000000000311d000 JavaThread "Reference Handler" daemon [_thread_blocked, id=6752, stack(0x0000000016980000,0x0000000016a80000)]
  0x000000000302e800 JavaThread "main" [_thread_blocked, id=28012, stack(0x0000000002f00000,0x0000000003000000)]

Other Threads:
  0x00000000157c5000 VMThread [stack: 0x0000000016880000,0x0000000016980000] [id=27804]
  0x0000000016edc800 WatcherThread [stack: 0x0000000017580000,0x0000000017680000] [id=29468]

VM state:not at safepoint (normal execution)

VM Mutex/Monitor currently owned by a thread: None

Heap:
 PSYoungGen      total 28160K, used 4264K [0x00000000eab00000, 0x00000000ee200000, 0x0000000100000000)
  eden space 24576K, 2% used [0x00000000eab00000,0x00000000eabad0b0,0x00000000ec300000)
  from space 3584K, 99% used [0x00000000ec680000,0x00000000ec9fd2b8,0x00000000eca00000)
  to   space 3584K, 0% used [0x00000000ec300000,0x00000000ec300000,0x00000000ec680000)
 ParOldGen       total 64512K, used 10063K [0x00000000c0000000, 0x00000000c3f00000, 0x00000000eab00000)
  object space 64512K, 15% used [0x00000000c0000000,0x00000000c09d3f88,0x00000000c3f00000)
 Metaspace       used 5861K, capacity 6896K, committed 7040K, reserved 1056768K
  class space    used 584K, capacity 616K, committed 640K, reserved 1048576K

Card table byte_map: [0x00000000124f0000,0x0000000012700000] byte_map_base: 0x0000000011ef0000

Marking Bits: (ParMarkBitMap*) 0x000000006fcab460
 Begin Bits: [0x0000000012c60000, 0x0000000013c60000)
 End Bits:   [0x0000000013c60000, 0x0000000014c60000)

Polling page: 0x0000000002b20000

CodeCache: size=245760Kb used=4920Kb max_used=4920Kb free=240839Kb
 bounds [0x0000000003130000, 0x0000000003610000, 0x0000000012130000]
 total_blobs=1512 nmethods=1248 adapters=178
 compilation: enabled

Compilation events (10 events):
Event: 2.838 Thread 0x0000000016e83000 1245       3       com.android.dx.cf.code.ExecutionStack::makeInitialized (51 bytes)
Event: 2.839 Thread 0x0000000016e83000 nmethod 1245 0x00000000035f2c10 code [0x00000000035f2dc0, 0x00000000035f3438]
Event: 2.840 Thread 0x0000000016e83000 1246       3       com.android.dx.rop.code.Rops::opAget (97 bytes)
Event: 2.841 Thread 0x000000001580e000 nmethod 1240 0x00000000035f5a10 code [0x00000000035f5c20, 0x00000000035f6408]
Event: 2.841 Thread 0x000000001580e000 1243       4       com.android.dx.cf.code.BaseMachine::storeResults (90 bytes)
Event: 2.841 Thread 0x0000000016e83000 nmethod 1246 0x00000000035f4650 code [0x00000000035f4880, 0x00000000035f54b8]
Event: 2.846 Thread 0x0000000016e83000 1247       3       com.android.dx.rop.type.Type::asUninitialized (140 bytes)
Event: 2.848 Thread 0x0000000016e83000 nmethod 1247 0x00000000035f6f50 code [0x00000000035f7280, 0x00000000035f8e78]
Event: 2.864 Thread 0x000000001580e000 nmethod 1243 0x00000000035fbe90 code [0x00000000035fc100, 0x00000000035fcd58]
Event: 2.864 Thread 0x000000001580e000 1250       4       com.android.dx.cf.code.RopperMachine::getSources (264 bytes)

GC Heap History (2 events):
Event: 2.346 GC heap before
{Heap before GC invocations=1 (full 0):
 PSYoungGen      total 28160K, used 24576K [0x00000000eab00000, 0x00000000eca00000, 0x0000000100000000)
  eden space 24576K, 100% used [0x00000000eab00000,0x00000000ec300000,0x00000000ec300000)
  from space 3584K, 0% used [0x00000000ec680000,0x00000000ec680000,0x00000000eca00000)
  to   space 3584K, 0% used [0x00000000ec300000,0x00000000ec300000,0x00000000ec680000)
 ParOldGen       total 64512K, used 0K [0x00000000c0000000, 0x00000000c3f00000, 0x00000000eab00000)
  object space 64512K, 0% used [0x00000000c0000000,0x00000000c0000000,0x00000000c3f00000)
 Metaspace       used 5785K, capacity 6832K, committed 7040K, reserved 1056768K
  class space    used 582K, capacity 616K, committed 640K, reserved 1048576K
Event: 2.356 GC heap after
Heap after GC invocations=1 (full 0):
 PSYoungGen      total 28160K, used 3558K [0x00000000eab00000, 0x00000000eca00000, 0x0000000100000000)
  eden space 24576K, 0% used [0x00000000eab00000,0x00000000eab00000,0x00000000ec300000)
  from space 3584K, 99% used [0x00000000ec300000,0x00000000ec679bb8,0x00000000ec680000)
  to   space 3584K, 0% used [0x00000000ec680000,0x00000000ec680000,0x00000000eca00000)
 ParOldGen       total 64512K, used 2058K [0x00000000c0000000, 0x00000000c3f00000, 0x00000000eab00000)
  object space 64512K, 3% used [0x00000000c0000000,0x00000000c0202a80,0x00000000c3f00000)
 Metaspace       used 5785K, capacity 6832K, committed 7040K, reserved 1056768K
  class space    used 582K, capacity 616K, committed 640K, reserved 1048576K
}

Deoptimization events (2 events):
Event: 2.661 Thread 0x0000000017147800 Uncommon trap: reason=bimorphic action=maybe_recompile pc=0x000000000358eb80 method=com.android.dx.cf.code.BytecodeArray.parseInstruction(ILcom/android/dx/cf/code/BytecodeArray$Visitor;)I @ 1549
Event: 2.662 Thread 0x0000000017147800 Uncommon trap: reason=bimorphic action=maybe_recompile pc=0x000000000358eb80 method=com.android.dx.cf.code.BytecodeArray.parseInstruction(ILcom/android/dx/cf/code/BytecodeArray$Visitor;)I @ 1549

Internal exceptions (10 events):
Event: 1.987 Thread 0x0000000016fdb800 Exception <a 'java/security/PrivilegedActionException'> (0x00000000eb58b858) thrown at [D:\re\workspace\8-2-build-windows-amd64-cygwin\jdk8u20\1074\hotspot\src\share\vm\prims\jvm.cpp, line 1275]
Event: 1.988 Thread 0x0000000016fdb800 Exception <a 'java/security/PrivilegedActionException'> (0x00000000eb5910e0) thrown at [D:\re\workspace\8-2-build-windows-amd64-cygwin\jdk8u20\1074\hotspot\src\share\vm\prims\jvm.cpp, line 1275]
Event: 1.989 Thread 0x000000000302e800 Exception <a 'java/security/PrivilegedActionException'> (0x00000000eb5e38a8) thrown at [D:\re\workspace\8-2-build-windows-amd64-cygwin\jdk8u20\1074\hotspot\src\share\vm\prims\jvm.cpp, line 1275]
Event: 1.990 Thread 0x000000000302e800 Exception <a 'java/security/PrivilegedActionException'> (0x00000000eb5e8e98) thrown at [D:\re\workspace\8-2-build-windows-amd64-cygwin\jdk8u20\1074\hotspot\src\share\vm\prims\jvm.cpp, line 1275]
Event: 1.990 Thread 0x000000000302e800 Exception <a 'java/security/PrivilegedActionException'> (0x00000000eb5ebfe8) thrown at [D:\re\workspace\8-2-build-windows-amd64-cygwin\jdk8u20\1074\hotspot\src\share\vm\prims\jvm.cpp, line 1275]
Event: 1.994 Thread 0x000000001713d800 Exception <a 'java/security/PrivilegedActionException'> (0x00000000eb3f0148) thrown at [D:\re\workspace\8-2-build-windows-amd64-cygwin\jdk8u20\1074\hotspot\src\share\vm\prims\jvm.cpp, line 1275]
Event: 2.007 Thread 0x0000000016fdb800 Exception <a 'java/security/PrivilegedActionException'> (0x00000000eb68a9c8) thrown at [D:\re\workspace\8-2-build-windows-amd64-cygwin\jdk8u20\1074\hotspot\src\share\vm\prims\jvm.cpp, line 1275]
Event: 2.065 Thread 0x0000000017147800 Exception <a 'java/security/PrivilegedActionException'> (0x00000000eb76bb08) thrown at [D:\re\workspace\8-2-build-windows-amd64-cygwin\jdk8u20\1074\hotspot\src\share\vm\prims\jvm.cpp, line 1275]
Event: 2.069 Thread 0x0000000016fe8000 Exception <a 'java/security/PrivilegedActionException'> (0x00000000eb898588) thrown at [D:\re\workspace\8-2-build-windows-amd64-cygwin\jdk8u20\1074\hotspot\src\share\vm\prims\jvm.cpp, line 1275]
Event: 2.099 Thread 0x0000000017147800 Exception <a 'java/security/PrivilegedActionException'> (0x00000000eb78a620) thrown at [D:\re\workspace\8-2-build-windows-amd64-cygwin\jdk8u20\1074\hotspot\src\share\vm\prims\jvm.cpp, line 1275]

Events (10 events):
Event: 2.601 Thread 0x0000000017147800 DEOPT PACKING pc=0x00000000033dc7dd sp=0x0000000017a7ece0
Event: 2.601 Thread 0x0000000017147800 DEOPT UNPACKING pc=0x00000000031775bf sp=0x0000000017a7eac0 mode 0
Event: 2.661 Thread 0x0000000017147800 Uncommon trap: trap_request=0xffffffc6 fr.pc=0x000000000358eb80
Event: 2.661 Thread 0x0000000017147800 DEOPT PACKING pc=0x000000000358eb80 sp=0x0000000017a7ec90
Event: 2.661 Thread 0x0000000017147800 DEOPT UNPACKING pc=0x000000000317556a sp=0x0000000017a7ec30 mode 2
Event: 2.662 Thread 0x0000000017147800 Uncommon trap: trap_request=0xffffffc6 fr.pc=0x000000000358eb80
Event: 2.662 Thread 0x0000000017147800 DEOPT PACKING pc=0x000000000358eb80 sp=0x0000000017a7ea40
Event: 2.662 Thread 0x0000000017147800 DEOPT UNPACKING pc=0x000000000317556a sp=0x0000000017a7e9e0 mode 2
Event: 2.668 Thread 0x0000000017147800 DEOPT PACKING pc=0x00000000033dc7dd sp=0x0000000017a7ebc0
Event: 2.668 Thread 0x0000000017147800 DEOPT UNPACKING pc=0x00000000031775bf sp=0x0000000017a7e9a0 mode 0


Dynamic libraries:
0x00007ff7a9910000 - 0x00007ff7a9944000 	D:\java\jdk1.8.0_20\bin\java.exe
0x00007ffe23150000 - 0x00007ffe23311000 	C:\WINDOWS\SYSTEM32\ntdll.dll
0x00007ffe21790000 - 0x00007ffe2183d000 	C:\WINDOWS\system32\KERNEL32.DLL
0x00007ffe20220000 - 0x00007ffe20408000 	C:\WINDOWS\system32\KERNELBASE.dll
0x00007ffe20700000 - 0x00007ffe207a7000 	C:\WINDOWS\system32\ADVAPI32.dll
0x00007ffe21910000 - 0x00007ffe219ad000 	C:\WINDOWS\system32\msvcrt.dll
0x00007ffe21530000 - 0x00007ffe2158b000 	C:\WINDOWS\system32\sechost.dll
0x00007ffe20d50000 - 0x00007ffe20e6c000 	C:\WINDOWS\system32\RPCRT4.dll
0x00007ffe20530000 - 0x00007ffe20686000 	C:\WINDOWS\system32\USER32.dll
0x00007ffe215f0000 - 0x00007ffe21776000 	C:\WINDOWS\system32\GDI32.dll
0x00007ffe1a590000 - 0x00007ffe1a804000 	C:\WINDOWS\WinSxS\amd64_microsoft.windows.common-controls_6595b64144ccf1df_6.0.10586.839_none_a2ddba30a539a2ae\COMCTL32.dll
0x00007ffe20fc0000 - 0x00007ffe2123e000 	C:\WINDOWS\system32\combase.dll
0x00007ffe20070000 - 0x00007ffe200da000 	C:\WINDOWS\system32\bcryptPrimitives.dll
0x00007ffe20c60000 - 0x00007ffe20c9b000 	C:\WINDOWS\system32\IMM32.DLL
0x00007ffe1f640000 - 0x00007ffe1f671000 	C:\Windows\system32\nvinitx.dll
0x00007ffe1f630000 - 0x00007ffe1f63a000 	C:\WINDOWS\SYSTEM32\VERSION.dll
0x000000006fd30000 - 0x000000006fe02000 	D:\java\jdk1.8.0_20\jre\bin\msvcr100.dll
0x000000006f4d0000 - 0x000000006fd28000 	D:\java\jdk1.8.0_20\jre\bin\server\jvm.dll
0x00007ffe219b0000 - 0x00007ffe219b8000 	C:\WINDOWS\system32\PSAPI.DLL
0x00007ffe135c0000 - 0x00007ffe135c9000 	C:\WINDOWS\SYSTEM32\WSOCK32.dll
0x00007ffe20690000 - 0x00007ffe206fb000 	C:\WINDOWS\system32\WS2_32.dll
0x00007ffe1dcf0000 - 0x00007ffe1dd13000 	C:\WINDOWS\SYSTEM32\WINMM.dll
0x00007ffe1dc90000 - 0x00007ffe1dcbc000 	C:\WINDOWS\SYSTEM32\WINMMBASE.dll
0x00007ffe1fe50000 - 0x00007ffe1fe93000 	C:\WINDOWS\system32\cfgmgr32.dll
0x000000006f4c0000 - 0x000000006f4cf000 	D:\java\jdk1.8.0_20\jre\bin\verify.dll
0x000000006f490000 - 0x000000006f4b8000 	D:\java\jdk1.8.0_20\jre\bin\java.dll
0x000000006f470000 - 0x000000006f486000 	D:\java\jdk1.8.0_20\jre\bin\zip.dll
0x00007ffe21bd0000 - 0x00007ffe2312c000 	C:\WINDOWS\system32\SHELL32.dll
0x00007ffe1f800000 - 0x00007ffe1fe44000 	C:\WINDOWS\system32\windows.storage.dll
0x00007ffe219c0000 - 0x00007ffe21a12000 	C:\WINDOWS\system32\shlwapi.dll
0x00007ffe1f770000 - 0x00007ffe1f77f000 	C:\WINDOWS\system32\kernel.appcore.dll
0x00007ffe20470000 - 0x00007ffe20525000 	C:\WINDOWS\system32\shcore.dll
0x00007ffe1f790000 - 0x00007ffe1f7db000 	C:\WINDOWS\system32\powrprof.dll
0x00007ffe1f750000 - 0x00007ffe1f764000 	C:\WINDOWS\system32\profapi.dll
0x00007ffe129f0000 - 0x00007ffe12b7c000 	C:\WINDOWS\SYSTEM32\dbghelp.dll

VM Arguments:
jvm_args: -Djava.awt.headless=true -Xmx1024M -Dfile.encoding=GBK -Duser.country=CN -Duser.language=zh -Duser.variant 
java_command: com.android.dx.command.Main --dex --force-jumbo --num-threads=4 --multi-dex --output E:\EHELP\TicketSystem\app\build\intermediates\transforms\dex\debug\folders\1000\5\slice_7 E:\EHELP\TicketSystem\app\build\intermediates\transforms\instantRunSlicer\debug\folders\1\5\slice_7
java_class_path (initial): D:\andriodStduio\sdk\build-tools\25.0.0\lib\dx.jar
Launcher Type: SUN_STANDARD

Environment Variables:
JAVA_HOME=D:\java\jdk1.8.0_20
CLASSPATH=.;D:\java\jdk1.8.0_20\lib\dt.jar;D:\java\jdk1.8.0_20\lib\tools.jar;D:\apache-tomcat-7.0.65-windows-x64\apache-tomcat-7.0.65\lib\servlet-api.jar;D:\apache-tomcat-7.0.65-windows-x64\apache-tomcat-7.0.65\lib\jsp-api.jar;D:\eclipse_javaEE\lib\Aspectj\install\lib\aspectjrt.jar
PATH=C:\ProgramData\Oracle\Java\javapath;D:\java\jdk1.8.0_20\bin;D:\java\jdk1.8.0_20\jre\binC:\WINDOWS\system32;C:\WINDOWS;C:\WINDOWS\System32\Wbem;C:\WINDOWS\System32\WindowsPowerShell\v1.0\;C:\Program Files\Microsoft SQL Server\110\Tools\Binn\;C:\Program Files (x86)\Microsoft SDKs\TypeScript\1.0\;D:\MATLAB\bin\win32;C:\Windows\System32;C:\Program Files\Intel\WiFi\bin\;C:\Program Files\Common Files\Intel\WirelessCommon\;D:\java\jdk1.8.0_20\bin;D:\;amp\wamp\bin\mysql\mysql5.5.20\bin;D:\python2.7.10\install;D:\wamp\wamp\bin\mysql\mysql5.5.20\bin;D:\python2.7.10\install\Scripts;C:\mongodb\bin;D:\nodejs\nvmw;D:\svn\bin;D:\scala\install\bin;D:\sbt\install\\bin;D:\sbt\install\bin;D:\git\Git\bin;D:\ant\apache-ant-1.9.6/bin;D:\curl;D:\wamp\wamp\bin\php\php5.3.10;D:\wamp\wamp\bin\php\php5.5.12;C:\ProgramData\ComposerSetup\bin;C:\Users\Administrator\AppData\Roaming\Composer\Vendor\bin;D:\OCR\install\Tesseract-OCR;C:\WINDOWS\system32;C:\Program Files (x86)\Windows Kits\10\Windows Performance Toolkit\;D:\makeForWin\GnuWin32\bin;D:\eclipse_javaEE\lib\Aspectj\install\bin;D:\maven\apache-maven-3.3.9\bin;D:\php\php-5.6.21-Win32-VC11-x64;D:\php\php-5.6.21-Win32-VC11-x64\ext;D:\mysql\mysql-5.6.24-winx64\bin;D:\andriodStduio\sdk\tools;D:\andriodStduio\sdk\platform-tools;D:\nmap\nmap-7.31;D:\nodejs\nvmw\v6.2.0\;D:\quicktime\QTSystem\;"C:\Program Files (x86)\CMake\bin";D:\cocos2d-x\templates;D:\cocos2d-x\tools\cocos2d-console\bin;C:\Program Files\Intel\WiFi\bin\;C:\Program Files\Common Files\Intel\WirelessCommon\;D:\vscode\install\Microsoft VS Code\bin;C:\Users\Administrator\AppData\Roaming\npm;C:\Users\Administrator\AppData\Local\Yarn\.bin
USERNAME=Administrator
OS=Windows_NT
PROCESSOR_IDENTIFIER=Intel64 Family 6 Model 58 Stepping 9, GenuineIntel



---------------  S Y S T E M  ---------------

OS: Windows 8.1 , 64 bit Build 9600 

CPU:total 4 (2 cores per cpu, 2 threads per core) family 6 model 58 stepping 9, cmov, cx8, fxsr, mmx, sse, sse2, sse3, ssse3, sse4.1, sse4.2, popcnt, avx, aes, clmul, erms, ht, tsc, tscinvbit, tscinv

Memory: 4k page, physical 6148232k(649940k free), swap 8230936k(133788k free)

vm_info: Java HotSpot(TM) 64-Bit Server VM (25.20-b23) for windows-amd64 JRE (1.8.0_20-b26), built on Jul 30 2014 13:51:23 by "java_re" with MS VC++ 10.0 (VS2010)

time: Sat Jun 03 02:28:14 2017
elapsed time: 2 seconds (0d 0h 0m 2s)

